C51 COMPILER V9.52.0.0   MAIN                                                              09/11/2023 15:47:51 PAGE 1   


C51 COMPILER V9.52.0.0, COMPILATION OF MODULE MAIN
OBJECT MODULE PLACED IN main.OBJ
COMPILER INVOKED BY: C:\Keil\C51\BIN\C51.EXE main.c BROWSE DEBUG OBJECTEXTEND TABS(2)

line level    source

   1          #include<regx52.h>
   2          #include"..\Lib\Delay.h"
   3          
   4          unsigned char code Font5x7_0[] = {0x0E, 0x11, 0x13, 0x15, 0x19, 0x11, 0x0E};
   5          
   6          unsigned char code Font5x7[10][7] = {{0x0E, 0x11, 0x13, 0x15, 0x19, 0x11, 0x0E}, // Font so 0
   7                                              {0x1F, 0x04, 0x04, 0x04, 0x14, 0x0C, 0x04}, // Font so 1
   8                                              {0x1F, 0x08, 0x04, 0x02, 0x01, 0x11, 0x0E}, // Font so 2
   9                                              {0x0E, 0x11, 0x01, 0x06, 0x01, 0x11, 0x0E}, // Font so 3
  10                                              {0x02, 0x1F, 0x12, 0x08, 0x04, 0x02, 0x01}, // Font so 4
  11                                              {0x1E, 0x01, 0x01, 0x01, 0x1E, 0x10, 0x1F}, // Font so 5
  12                                              {0x0E, 0x11, 0x11, 0x1E, 0x10, 0x11, 0x0E}, // Font so 6
  13                                              {0x04, 0x04, 0x04, 0x02, 0x01, 0x01, 0x1F}, // Font so 7
  14                                              {0x0E, 0x11, 0x11, 0x0E, 0x11, 0x11, 0x0E}, // Font so 8
  15                                              {0x0E, 0x01, 0x01, 0x0F, 0x11, 0x11, 0x0E}}; // Font so 9
  16          
  17          void main(){
  18   1           unsigned char i,j,cnt;
  19   1           while(1){
  20   2      // Bai 2
  21   2         for(cnt =0;cnt<10;cnt++)
  22   2         {
  23   3             for(j =0;j<142;j++)
  24   3             {
  25   4                for(i =0;i<7;i++)
  26   4                {
  27   5                P0 = Font5x7[cnt][i];
  28   5                P3 = 0x00;
  29   5                Delay_ms(1);
  30   5                P3 = 0x01 << i;
  31   5                }  
  32   4             }   
  33   3         }     
  34   2             
  35   2             
  36   2      // Bai 1       
  37   2      /* Cach 2 : Dung vong lap sieu ngan        
  38   2           unsigned char i;
  39   2              for(i =0;i<7;i++)
  40   2              {
  41   2                P0 = Font5x7_0[i];
  42   2                P3 = 0x00;
  43   2                Delay_ms(1);
  44   2                P3 = 0x01 << i;
  45   2              } 
  46   2      /*
  47   2      /* Cach 1 : Lam thu cong     
  48   2              P0 = Font5x7_0[0];
  49   2              P3_0 = 0;            
  50   2              Delay_ms(1);
  51   2              P3_0 = 1;            
  52   2              
  53   2              P0 = Font5x7_0[1];
  54   2              P3_1 = 0;            
  55   2              Delay_ms(1);
C51 COMPILER V9.52.0.0   MAIN                                                              09/11/2023 15:47:51 PAGE 2   

  56   2              P3_1 = 1;   
  57   2       
  58   2              P0 = Font5x7_0[2];
  59   2              P3_2 = 0;            
  60   2              Delay_ms(1);
  61   2              P3_2 = 1;  
  62   2      
  63   2              P0 = Font5x7_0[3];
  64   2              P3_3 = 0;            
  65   2              Delay_ms(1);
  66   2              P3_3 = 1;  
  67   2      
  68   2              P0 = Font5x7_0[4];
  69   2              P3_4 = 0;            
  70   2              Delay_ms(1);
  71   2              P3_4 = 1;   
  72   2       
  73   2              P0 = Font5x7_0[5];
  74   2              P3_5 = 0;            
  75   2              Delay_ms(1);
  76   2              P3_5 = 1;  
  77   2      
  78   2              P0 = Font5x7_0[6];
  79   2              P3_6 = 0;            
  80   2              Delay_ms(1);
  81   2              P3_6 = 1; 
  82   2      */        
  83   2           }
  84   1      }


MODULE INFORMATION:   STATIC OVERLAYABLE
   CODE SIZE        =     92    ----
   CONSTANT SIZE    =     77    ----
   XDATA SIZE       =   ----    ----
   PDATA SIZE       =   ----    ----
   DATA SIZE        =   ----       3
   IDATA SIZE       =   ----    ----
   BIT SIZE         =   ----    ----
END OF MODULE INFORMATION.


C51 COMPILATION COMPLETE.  0 WARNING(S),  0 ERROR(S)
